<?xml version="1.0" encoding="UTF-8"?>
<testng-results ignored="0" total="2" passed="2" failed="0" skipped="0">
  <reporter-output>
  </reporter-output>
  <suite started-at="2022-07-21T14:33:24 IST" name="Default suite" finished-at="2022-07-21T14:33:44 IST" duration-ms="20532">
    <groups>
      <group name="cucumber">
        <method signature="AbstractTestNGCucumberTests.runScenario(io.cucumber.testng.PickleWrapper,io.cucumber.testng.FeatureWrapper)[pri:0, instance:runnerfile.Testrunnerfile@235834f2]" name="runScenario" class="io.cucumber.testng.AbstractTestNGCucumberTests"/>
      </group> <!-- cucumber -->
    </groups>
    <test started-at="2022-07-21T14:33:24 IST" name="Default test" finished-at="2022-07-21T14:33:44 IST" duration-ms="20532">
      <class name="runnerfile.Testrunnerfile">
        <test-method is-config="true" signature="setUpClass(org.testng.ITestContext)[pri:0, instance:runnerfile.Testrunnerfile@235834f2]" started-at="2022-07-21T14:33:24 IST" name="setUpClass" finished-at="2022-07-21T14:33:24 IST" duration-ms="492" status="PASS">
          <params>
            <param index="0">
              <value>
                <![CDATA[org.testng.TestRunner@119f1f2a]]>
              </value>
            </param>
          </params>
          <reporter-output>
          </reporter-output>
        </test-method> <!-- setUpClass -->
        <test-method signature="runScenario(io.cucumber.testng.PickleWrapper,io.cucumber.testng.FeatureWrapper)[pri:0, instance:runnerfile.Testrunnerfile@235834f2]" started-at="2022-07-21T14:33:24 IST" name="runScenario" description="Runs Cucumber Scenarios" data-provider="scenarios" finished-at="2022-07-21T14:33:44 IST" duration-ms="19402" status="PASS">
          <params>
            <param index="0">
              <value>
                <![CDATA["Contact us with different set of data"]]>
              </value>
            </param>
            <param index="1">
              <value>
                <![CDATA["Contactus feature"]]>
              </value>
            </param>
          </params>
          <reporter-output>
          </reporter-output>
        </test-method> <!-- runScenario -->
        <test-method signature="runScenario(io.cucumber.testng.PickleWrapper,io.cucumber.testng.FeatureWrapper)[pri:0, instance:runnerfile.Testrunnerfile@235834f2]" started-at="2022-07-21T14:33:24 IST" name="runScenario" description="Runs Cucumber Scenarios" data-provider="scenarios" finished-at="2022-07-21T14:33:44 IST" duration-ms="19850" status="PASS">
          <params>
            <param index="0">
              <value>
                <![CDATA["Contact us with different set of data"]]>
              </value>
            </param>
            <param index="1">
              <value>
                <![CDATA["Contactus feature"]]>
              </value>
            </param>
          </params>
          <reporter-output>
          </reporter-output>
        </test-method> <!-- runScenario -->
        <test-method is-config="true" signature="tearDownClass()[pri:0, instance:runnerfile.Testrunnerfile@235834f2]" started-at="2022-07-21T14:33:44 IST" name="tearDownClass" finished-at="2022-07-21T14:33:44 IST" duration-ms="154" status="PASS">
          <reporter-output>
          </reporter-output>
        </test-method> <!-- tearDownClass -->
      </class> <!-- runnerfile.Testrunnerfile -->
    </test> <!-- Default test -->
  </suite> <!-- Default suite -->
</testng-results>
